2024-06-04 16:51:54,503 - REQUEST from/to process 44322: 1|1|000000
2024-06-04 16:51:54,503 - Nova conexão estabelecida com o processo 44322.
2024-06-04 16:51:54,504 - GRANT from/to process 44322: b'2|44322|000000'
2024-06-04 16:51:54,516 - REQUEST from/to process 44332: 1|3|000000
2024-06-04 16:51:54,516 - Nova conexão estabelecida com o processo 44332.
2024-06-04 16:51:54,517 - GRANT from/to process 44332: b'2|44332|000000'
2024-06-04 16:51:54,522 - Nova conexão estabelecida com o processo 44334.
2024-06-04 16:51:54,523 - REQUEST from/to process 44334: 1|2|000000
2024-06-04 16:51:54,523 - GRANT from/to process 44334: b'2|44334|000000'
2024-06-04 16:51:54,524 - REQUEST from/to process 44342: 1|5|000000
2024-06-04 16:51:54,524 - Nova conexão estabelecida com o processo 44342.
2024-06-04 16:51:54,524 - GRANT from/to process 44342: b'2|44342|000000'
2024-06-04 16:51:54,524 - REQUEST from/to process 44348: 1|4|000000
2024-06-04 16:51:54,525 - Nova conexão estabelecida com o processo 44348.
2024-06-04 16:51:54,525 - GRANT from/to process 44348: b'2|44348|000000'
2024-06-04 16:51:56,529 - RELEASE from/to process 44342: 3|5|000000
2024-06-04 16:51:56,529 - RELEASE from/to process 44348: 3|4|000000
2024-06-04 16:51:56,571 - REQUEST from/to process 44348: 1|4|000000
2024-06-04 16:51:56,571 - GRANT from/to process 44348: b'2|44348|000000'
2024-06-04 16:51:56,572 - REQUEST from/to process 44342: 1|5|000000
2024-06-04 16:51:56,572 - GRANT from/to process 44342: b'2|44342|000000'
2024-06-04 16:51:58,521 - RELEASE from/to process 44322: 3|1|000000
2024-06-04 16:51:58,529 - RELEASE from/to process 44334: 3|2|000000
2024-06-04 16:51:58,567 - REQUEST from/to process 44334: 1|2|000000
2024-06-04 16:51:58,567 - REQUEST from/to process 44322: 1|1|000000
2024-06-04 16:51:58,568 - GRANT from/to process 44334: b'2|44334|000000'
2024-06-04 16:51:58,569 - GRANT from/to process 44322: b'2|44322|000000'
2024-06-04 16:52:00,521 - RELEASE from/to process 44332: 3|3|000000
2024-06-04 16:52:00,563 - REQUEST from/to process 44332: 1|3|000000
2024-06-04 16:52:00,565 - GRANT from/to process 44332: b'2|44332|000000'
2024-06-04 16:52:00,577 - RELEASE from/to process 44348: 3|4|000000
2024-06-04 16:52:00,619 - REQUEST from/to process 44348: 1|4|000000
2024-06-04 16:52:00,620 - GRANT from/to process 44348: b'2|44348|000000'
2024-06-04 16:52:02,573 - RELEASE from/to process 44334: 3|2|000000
2024-06-04 16:52:02,574 - RELEASE from/to process 44322: 3|1|000000
2024-06-04 16:52:02,574 - RELEASE from/to process 44342: 3|5|000000
2024-06-04 16:52:02,619 - REQUEST from/to process 44342: 1|5|000000
2024-06-04 16:52:02,620 - REQUEST from/to process 44322: 1|1|000000
2024-06-04 16:52:02,620 - REQUEST from/to process 44334: 1|2|000000
2024-06-04 16:52:02,620 - GRANT from/to process 44342: b'2|44342|000000'
2024-06-04 16:52:02,620 - GRANT from/to process 44322: b'2|44322|000000'
2024-06-04 16:52:02,620 - GRANT from/to process 44334: b'2|44334|000000'
2024-06-04 16:52:04,570 - RELEASE from/to process 44332: 3|3|000000
2024-06-04 16:52:04,615 - REQUEST from/to process 44332: 1|3|000000
2024-06-04 16:52:04,615 - GRANT from/to process 44332: b'2|44332|000000'
2024-06-04 16:52:04,625 - RELEASE from/to process 44342: 3|5|000000
2024-06-04 16:52:04,636 - RELEASE from/to process 44334: 3|2|000000
2024-06-04 16:52:04,667 - REQUEST from/to process 44342: 1|5|000000
2024-06-04 16:52:04,668 - REQUEST from/to process 44334: 1|2|000000
2024-06-04 16:52:04,668 - GRANT from/to process 44342: b'2|44342|000000'
2024-06-04 16:52:04,668 - GRANT from/to process 44334: b'2|44334|000000'
2024-06-04 16:52:06,621 - RELEASE from/to process 44348: 3|4|000000
2024-06-04 16:52:06,621 - RELEASE from/to process 44332: 3|3|000000
2024-06-04 16:52:06,663 - REQUEST from/to process 44332: 1|3|000000
2024-06-04 16:52:06,663 - REQUEST from/to process 44348: 1|4|000000
2024-06-04 16:52:06,664 - GRANT from/to process 44332: b'2|44332|000000'
2024-06-04 16:52:06,664 - GRANT from/to process 44348: b'2|44348|000000'
2024-06-04 16:52:08,626 - RELEASE from/to process 44322: 3|1|000000
2024-06-04 16:52:08,671 - REQUEST from/to process 44322: 1|1|000000
2024-06-04 16:52:08,671 - GRANT from/to process 44322: b'2|44322|000000'
2024-06-04 16:52:10,669 - RELEASE from/to process 44348: 3|4|000000
2024-06-04 16:52:10,669 - RELEASE from/to process 44334: 3|2|000000
2024-06-04 16:52:10,675 - RELEASE from/to process 44322: 3|1|000000
2024-06-04 16:52:10,675 - RELEASE from/to process 44342: 3|5|000000
2024-06-04 16:52:10,711 - REQUEST from/to process 44348: 1|4|000000
2024-06-04 16:52:10,711 - REQUEST from/to process 44342: 1|5|000000
2024-06-04 16:52:10,712 - REQUEST from/to process 44334: 1|2|000000
2024-06-04 16:52:10,712 - GRANT from/to process 44348: b'2|44348|000000'
2024-06-04 16:52:10,712 - GRANT from/to process 44342: b'2|44342|000000'
2024-06-04 16:52:10,712 - GRANT from/to process 44334: b'2|44334|000000'
2024-06-04 16:52:10,719 - REQUEST from/to process 44322: 1|1|000000
2024-06-04 16:52:10,720 - GRANT from/to process 44322: b'2|44322|000000'
2024-06-04 16:52:12,669 - RELEASE from/to process 44332: 3|3|000000
2024-06-04 16:52:12,715 - RELEASE from/to process 44334: 3|2|000000
2024-06-04 16:52:12,715 - REQUEST from/to process 44332: 1|3|000000
2024-06-04 16:52:12,716 - GRANT from/to process 44332: b'2|44332|000000'
2024-06-04 16:52:12,759 - REQUEST from/to process 44334: 1|2|000000
2024-06-04 16:52:12,760 - GRANT from/to process 44334: b'2|44334|000000'
2024-06-04 16:52:14,717 - RELEASE from/to process 44348: 3|4|000000
2024-06-04 16:52:14,717 - RELEASE from/to process 44332: 3|3|000000
2024-06-04 16:52:14,763 - REQUEST from/to process 44332: 1|3|000000
2024-06-04 16:52:14,763 - GRANT from/to process 44332: b'2|44332|000000'
2024-06-04 16:52:14,769 - REQUEST from/to process 44348: 1|4|000000
2024-06-04 16:52:14,769 - GRANT from/to process 44348: b'2|44348|000000'
2024-06-04 16:52:16,718 - RELEASE from/to process 44342: 3|5|000000
2024-06-04 16:52:16,728 - RELEASE from/to process 44322: 3|1|000000
2024-06-04 16:52:16,759 - REQUEST from/to process 44342: 1|5|000000
2024-06-04 16:52:16,760 - GRANT from/to process 44342: b'2|44342|000000'
2024-06-04 16:52:16,766 - RELEASE from/to process 44334: 3|2|000000
2024-06-04 16:52:16,766 - REQUEST from/to process 44322: 1|1|000000
2024-06-04 16:52:16,766 - RELEASE from/to process 44332: 3|3|000000
2024-06-04 16:52:16,766 - GRANT from/to process 44322: b'2|44322|000000'
2024-06-04 16:52:16,807 - REQUEST from/to process 44332: 1|3|000000
2024-06-04 16:52:16,808 - REQUEST from/to process 44334: 1|2|000000
2024-06-04 16:52:16,808 - GRANT from/to process 44332: b'2|44332|000000'
2024-06-04 16:52:16,808 - GRANT from/to process 44334: b'2|44334|000000'
2024-06-04 16:52:18,765 - RELEASE from/to process 44342: 3|5|000000
2024-06-04 16:52:18,771 - RELEASE from/to process 44348: 3|4|000000
2024-06-04 16:52:18,807 - REQUEST from/to process 44342: 1|5|000000
2024-06-04 16:52:18,808 - GRANT from/to process 44342: b'2|44342|000000'
2024-06-04 16:52:18,815 - REQUEST from/to process 44348: 1|4|000000
2024-06-04 16:52:18,816 - GRANT from/to process 44348: b'2|44348|000000'
2024-06-04 16:52:20,772 - RELEASE from/to process 44322: 3|1|000000
2024-06-04 16:52:20,813 - RELEASE from/to process 44332: 3|3|000000
2024-06-04 16:52:20,824 - REQUEST from/to process 44322: 1|1|000000
2024-06-04 16:52:20,824 - GRANT from/to process 44322: b'2|44322|000000'
2024-06-04 16:52:20,856 - REQUEST from/to process 44332: 1|3|000000
2024-06-04 16:52:20,856 - GRANT from/to process 44332: b'2|44332|000000'
2024-06-04 16:52:22,814 - RELEASE from/to process 44342: 3|5|000000
2024-06-04 16:52:22,819 - RELEASE from/to process 44334: 3|2|000000
2024-06-04 16:52:22,819 - RELEASE from/to process 44348: 3|4|000000
2024-06-04 16:52:22,855 - REQUEST from/to process 44334: 1|2|000000
2024-06-04 16:52:22,855 - REQUEST from/to process 44342: 1|5|000000
2024-06-04 16:52:22,856 - GRANT from/to process 44334: b'2|44334|000000'
2024-06-04 16:52:22,856 - GRANT from/to process 44342: b'2|44342|000000'
2024-06-04 16:52:22,863 - REQUEST from/to process 44348: 1|4|000000
2024-06-04 16:52:22,863 - GRANT from/to process 44348: b'2|44348|000000'
2024-06-04 16:52:24,830 - RELEASE from/to process 44322: 3|1|000000
2024-06-04 16:52:24,862 - RELEASE from/to process 44332: 3|3|000000
2024-06-04 16:52:24,882 - REQUEST from/to process 44322: 1|1|000000
2024-06-04 16:52:24,882 - GRANT from/to process 44322: b'2|44322|000000'
2024-06-04 16:52:24,903 - REQUEST from/to process 44332: 1|3|000000
2024-06-04 16:52:24,905 - GRANT from/to process 44332: b'2|44332|000000'
2024-06-04 16:52:26,888 - RELEASE from/to process 44322: 3|1|000000
2024-06-04 16:52:26,910 - RELEASE from/to process 44332: 3|3|000000
2024-06-04 16:52:26,931 - REQUEST from/to process 44322: 1|1|000000
2024-06-04 16:52:26,931 - GRANT from/to process 44322: b'2|44322|000000'
2024-06-04 16:52:26,951 - REQUEST from/to process 44332: 1|3|000000
2024-06-04 16:52:26,952 - GRANT from/to process 44332: b'2|44332|000000'
2024-06-04 16:52:28,861 - RELEASE from/to process 44334: 3|2|000000
2024-06-04 16:52:28,861 - RELEASE from/to process 44342: 3|5|000000
2024-06-04 16:52:28,869 - RELEASE from/to process 44348: 3|4|000000
2024-06-04 16:52:28,903 - REQUEST from/to process 44342: 1|5|000000
2024-06-04 16:52:28,903 - GRANT from/to process 44342: b'2|44342|000000'
2024-06-04 16:52:28,909 - REQUEST from/to process 44334: 1|2|000000
2024-06-04 16:52:28,909 - GRANT from/to process 44334: b'2|44334|000000'
2024-06-04 16:52:28,915 - REQUEST from/to process 44348: 1|4|000000
2024-06-04 16:52:28,916 - GRANT from/to process 44348: b'2|44348|000000'
2024-06-04 16:52:28,937 - RELEASE from/to process 44322: 3|1|000000
2024-06-04 16:52:28,979 - REQUEST from/to process 44322: 1|1|000000
2024-06-04 16:52:28,984 - GRANT from/to process 44322: b'2|44322|000000'
2024-06-04 16:52:30,909 - RELEASE from/to process 44342: 3|5|000000
2024-06-04 16:52:30,914 - RELEASE from/to process 44334: 3|2|000000
2024-06-04 16:52:30,920 - RELEASE from/to process 44348: 3|4|000000
2024-06-04 16:52:30,955 - REQUEST from/to process 44342: 1|5|000000
2024-06-04 16:52:30,956 - REQUEST from/to process 44334: 1|2|000000
2024-06-04 16:52:30,955 - GRANT from/to process 44342: b'2|44342|000000'
2024-06-04 16:52:30,956 - GRANT from/to process 44334: b'2|44334|000000'
2024-06-04 16:52:30,963 - REQUEST from/to process 44348: 1|4|000000
2024-06-04 16:52:30,963 - GRANT from/to process 44348: b'2|44348|000000'
2024-06-04 16:52:32,957 - RELEASE from/to process 44332: 3|3|000000
2024-06-04 16:52:32,957 - RELEASE from/to process 44342: 3|5|000000
2024-06-04 16:52:32,968 - RELEASE from/to process 44348: 3|4|000000
2024-06-04 16:52:32,999 - REQUEST from/to process 44332: 1|3|000000
2024-06-04 16:52:32,999 - REQUEST from/to process 44342: 1|5|000000
2024-06-04 16:52:33,000 - GRANT from/to process 44332: b'2|44332|000000'
2024-06-04 16:52:33,000 - GRANT from/to process 44342: b'2|44342|000000'
2024-06-04 16:52:33,011 - REQUEST from/to process 44348: 1|4|000000
2024-06-04 16:52:33,012 - GRANT from/to process 44348: b'2|44348|000000'
2024-06-04 16:52:34,962 - RELEASE from/to process 44334: 3|2|000000
2024-06-04 16:52:34,989 - RELEASE from/to process 44322: 3|1|000000
2024-06-04 16:52:35,003 - REQUEST from/to process 44334: 1|2|000000
2024-06-04 16:52:35,004 - GRANT from/to process 44334: b'2|44334|000000'
2024-06-04 16:52:35,031 - REQUEST from/to process 44322: 1|1|000000
2024-06-04 16:52:35,031 - GRANT from/to process 44322: b'2|44322|000000'
2024-06-04 16:52:37,005 - RELEASE from/to process 44332: 3|3|000000
2024-06-04 16:52:37,037 - RELEASE from/to process 44322: 3|1|000000
2024-06-04 16:52:37,047 - REQUEST from/to process 44332: 1|3|000000
2024-06-04 16:52:37,047 - GRANT from/to process 44332: b'2|44332|000000'
2024-06-04 16:52:37,079 - REQUEST from/to process 44322: 1|1|000000
2024-06-04 16:52:37,080 - GRANT from/to process 44322: b'2|44322|000000'
2024-06-04 16:52:39,005 - RELEASE from/to process 44342: 3|5|000000
2024-06-04 16:52:39,017 - RELEASE from/to process 44348: 3|4|000000
2024-06-04 16:52:39,051 - REQUEST from/to process 44342: 1|5|000000
2024-06-04 16:52:39,052 - GRANT from/to process 44342: b'2|44342|000000'
2024-06-04 16:52:39,059 - REQUEST from/to process 44348: 1|4|000000
2024-06-04 16:52:39,060 - GRANT from/to process 44348: b'2|44348|000000'
2024-06-04 16:52:41,009 - RELEASE from/to process 44334: 3|2|000000
2024-06-04 16:52:41,055 - REQUEST from/to process 44334: 1|2|000000
2024-06-04 16:52:41,055 - GRANT from/to process 44334: b'2|44334|000000'
2024-06-04 16:52:43,053 - RELEASE from/to process 44332: 3|3|000000
2024-06-04 16:52:43,086 - RELEASE from/to process 44322: 3|1|000000
2024-06-04 16:52:43,091 - REQUEST from/to process 44332: 1|3|000000
2024-06-04 16:52:43,091 - GRANT from/to process 44332: b'2|44332|000000'
2024-06-04 16:52:43,127 - REQUEST from/to process 44322: 1|1|000000
2024-06-04 16:52:43,127 - GRANT from/to process 44322: b'2|44322|000000'
2024-06-04 16:52:45,057 - RELEASE from/to process 44342: 3|5|000000
2024-06-04 16:52:45,065 - RELEASE from/to process 44348: 3|4|000000
2024-06-04 16:52:45,103 - REQUEST from/to process 44342: 1|5|000000
2024-06-04 16:52:45,103 - REQUEST from/to process 44348: 1|4|000000
2024-06-04 16:52:45,110 - GRANT from/to process 44342: b'2|44342|000000'
2024-06-04 16:52:45,110 - GRANT from/to process 44348: b'2|44348|000000'
2024-06-04 16:52:47,061 - RELEASE from/to process 44334: 3|2|000000
2024-06-04 16:52:47,097 - RELEASE from/to process 44332: 3|3|000000
2024-06-04 16:52:47,102 - REQUEST from/to process 44334: 1|2|000000
2024-06-04 16:52:47,103 - GRANT from/to process 44334: b'2|44334|000000'
2024-06-04 16:52:47,116 - RELEASE from/to process 44342: 3|5|000000
2024-06-04 16:52:47,133 - RELEASE from/to process 44322: 3|1|000000
2024-06-04 16:52:47,138 - REQUEST from/to process 44332: 1|3|000000
2024-06-04 16:52:47,139 - GRANT from/to process 44332: b'2|44332|000000'
2024-06-04 16:52:47,160 - REQUEST from/to process 44342: 1|5|000000
2024-06-04 16:52:47,161 - GRANT from/to process 44342: b'2|44342|000000'
2024-06-04 16:52:47,175 - REQUEST from/to process 44322: 1|1|000000
2024-06-04 16:52:47,176 - GRANT from/to process 44322: b'2|44322|000000'
2024-06-04 16:52:49,108 - RELEASE from/to process 44334: 3|2|000000
2024-06-04 16:52:49,144 - RELEASE from/to process 44332: 3|3|000000
2024-06-04 16:52:49,149 - REQUEST from/to process 44334: 1|2|000000
2024-06-04 16:52:49,149 - GRANT from/to process 44334: b'2|44334|000000'
2024-06-04 16:52:49,181 - RELEASE from/to process 44322: 3|1|000000
2024-06-04 16:52:49,187 - REQUEST from/to process 44332: 1|3|000000
2024-06-04 16:52:49,187 - GRANT from/to process 44332: b'2|44332|000000'
2024-06-04 16:52:49,223 - REQUEST from/to process 44322: 1|1|000000
2024-06-04 16:52:49,223 - GRANT from/to process 44322: b'2|44322|000000'
2024-06-04 16:52:51,116 - RELEASE from/to process 44348: 3|4|000000
2024-06-04 16:52:51,155 - RELEASE from/to process 44334: 3|2|000000
2024-06-04 16:52:51,155 - REQUEST from/to process 44348: 1|4|000000
2024-06-04 16:52:51,155 - GRANT from/to process 44348: b'2|44348|000000'
2024-06-04 16:52:51,166 - RELEASE from/to process 44342: 3|5|000000
2024-06-04 16:52:51,200 - REQUEST from/to process 44334: 1|2|000000
2024-06-04 16:52:51,201 - GRANT from/to process 44334: b'2|44334|000000'
2024-06-04 16:52:51,208 - REQUEST from/to process 44342: 1|5|000000
2024-06-04 16:52:51,208 - GRANT from/to process 44342: b'2|44342|000000'
2024-06-04 16:52:53,193 - RELEASE from/to process 44332: 3|3|000000
2024-06-04 16:52:53,199 - Erro ao processar a mensagem do processo 44332: [Errno 104] Connection reset by peer
2024-06-04 16:52:53,208 - RELEASE from/to process 44334: 3|2|000000
2024-06-04 16:52:53,209 - Erro ao processar a mensagem do processo 44334: [Errno 104] Connection reset by peer
2024-06-04 16:52:53,229 - RELEASE from/to process 44322: 3|1|000000
2024-06-04 16:52:53,229 - Erro ao processar a mensagem do processo 44322: [Errno 104] Connection reset by peer
2024-06-04 16:52:57,160 - RELEASE from/to process 44348: 3|4|000000
2024-06-04 16:52:57,203 - REQUEST from/to process 44348: 1|4|000000
2024-06-04 16:52:57,204 - GRANT from/to process 44348: b'2|44348|000000'
2024-06-04 16:52:57,214 - RELEASE from/to process 44342: 3|5|000000
2024-06-04 16:52:57,214 - Erro ao processar a mensagem do processo 44342: [Errno 104] Connection reset by peer
2024-06-04 16:53:01,209 - RELEASE from/to process 44348: 3|4|000000
2024-06-04 16:53:01,215 - Erro ao processar a mensagem do processo 44348: [Errno 104] Connection reset by peer
2024-06-04 16:53:29,475 - Nova conexão estabelecida com o processo 48640.
2024-06-04 16:53:29,476 - REQUEST from/to process 48640: 1|1|000000
2024-06-04 16:53:29,476 - REQUEST from/to process 48646: 1|2|000000
2024-06-04 16:53:29,476 - GRANT from/to process 48640: b'2|48640|000000'
2024-06-04 16:53:29,476 - Nova conexão estabelecida com o processo 48646.
2024-06-04 16:53:29,477 - GRANT from/to process 48646: b'2|48646|000000'
2024-06-04 16:53:29,477 - REQUEST from/to process 48654: 1|3|000000
2024-06-04 16:53:29,477 - Nova conexão estabelecida com o processo 48654.
2024-06-04 16:53:29,477 - GRANT from/to process 48654: b'2|48654|000000'
2024-06-04 16:53:29,478 - REQUEST from/to process 48666: 1|4|000000
2024-06-04 16:53:29,478 - Nova conexão estabelecida com o processo 48666.
2024-06-04 16:53:29,478 - GRANT from/to process 48666: b'2|48666|000000'
2024-06-04 16:53:29,479 - REQUEST from/to process 48678: 1|5|000000
2024-06-04 16:53:29,479 - Nova conexão estabelecida com o processo 48678.
2024-06-04 16:53:29,479 - GRANT from/to process 48678: b'2|48678|000000'
2024-06-04 16:53:31,483 - RELEASE from/to process 48654: 3|3|000000
2024-06-04 16:53:31,523 - REQUEST from/to process 48654: 1|3|000000
2024-06-04 16:53:31,524 - GRANT from/to process 48654: b'2|48654|000000'
2024-06-04 16:53:33,484 - RELEASE from/to process 48640: 3|1|000000
2024-06-04 16:53:33,523 - REQUEST from/to process 48640: 1|1|000000
2024-06-04 16:53:33,524 - GRANT from/to process 48640: b'2|48640|000000'
2024-06-04 16:53:35,482 - RELEASE from/to process 48646: 3|2|000000
2024-06-04 16:53:35,482 - RELEASE from/to process 48666: 3|4|000000
2024-06-04 16:53:35,482 - RELEASE from/to process 48678: 3|5|000000
2024-06-04 16:53:35,523 - REQUEST from/to process 48646: 1|2|000000
2024-06-04 16:53:35,524 - GRANT from/to process 48646: b'2|48646|000000'
2024-06-04 16:53:35,532 - REQUEST from/to process 48678: 1|5|000000
2024-06-04 16:53:35,532 - REQUEST from/to process 48666: 1|4|000000
2024-06-04 16:53:35,532 - GRANT from/to process 48678: b'2|48678|000000'
2024-06-04 16:53:35,532 - GRANT from/to process 48666: b'2|48666|000000'
2024-06-04 16:53:37,529 - RELEASE from/to process 48654: 3|3|000000
2024-06-04 16:53:37,534 - RELEASE from/to process 48678: 3|5|000000
2024-06-04 16:53:37,575 - REQUEST from/to process 48654: 1|3|000000
2024-06-04 16:53:37,576 - GRANT from/to process 48654: b'2|48654|000000'
2024-06-04 16:53:37,583 - REQUEST from/to process 48678: 1|5|000000
2024-06-04 16:53:37,583 - GRANT from/to process 48678: b'2|48678|000000'
2024-06-04 16:53:39,529 - RELEASE from/to process 48646: 3|2|000000
2024-06-04 16:53:39,529 - RELEASE from/to process 48640: 3|1|000000
2024-06-04 16:53:39,571 - REQUEST from/to process 48646: 1|2|000000
2024-06-04 16:53:39,571 - GRANT from/to process 48646: b'2|48646|000000'
2024-06-04 16:53:39,572 - REQUEST from/to process 48640: 1|1|000000
2024-06-04 16:53:39,572 - GRANT from/to process 48640: b'2|48640|000000'
2024-06-04 16:53:39,581 - RELEASE from/to process 48654: 3|3|000000
2024-06-04 16:53:39,623 - REQUEST from/to process 48654: 1|3|000000
2024-06-04 16:53:39,623 - GRANT from/to process 48654: b'2|48654|000000'
2024-06-04 16:53:41,538 - RELEASE from/to process 48666: 3|4|000000
2024-06-04 16:53:41,578 - RELEASE from/to process 48646: 3|2|000000
2024-06-04 16:53:41,578 - REQUEST from/to process 48666: 1|4|000000
2024-06-04 16:53:41,579 - GRANT from/to process 48666: b'2|48666|000000'
2024-06-04 16:53:41,620 - REQUEST from/to process 48646: 1|2|000000
2024-06-04 16:53:41,622 - GRANT from/to process 48646: b'2|48646|000000'
2024-06-04 16:53:43,577 - RELEASE from/to process 48640: 3|1|000000
2024-06-04 16:53:43,583 - RELEASE from/to process 48666: 3|4|000000
2024-06-04 16:53:43,589 - RELEASE from/to process 48678: 3|5|000000
2024-06-04 16:53:43,623 - REQUEST from/to process 48640: 1|1|000000
2024-06-04 16:53:43,623 - REQUEST from/to process 48666: 1|4|000000
2024-06-04 16:53:43,624 - RELEASE from/to process 48646: 3|2|000000
2024-06-04 16:53:43,624 - GRANT from/to process 48640: b'2|48640|000000'
2024-06-04 16:53:43,624 - GRANT from/to process 48666: b'2|48666|000000'
2024-06-04 16:53:43,636 - REQUEST from/to process 48678: 1|5|000000
2024-06-04 16:53:43,636 - GRANT from/to process 48678: b'2|48678|000000'
2024-06-04 16:53:43,671 - REQUEST from/to process 48646: 1|2|000000
2024-06-04 16:53:43,672 - GRANT from/to process 48646: b'2|48646|000000'
2024-06-04 16:53:45,629 - RELEASE from/to process 48654: 3|3|000000
2024-06-04 16:53:45,671 - REQUEST from/to process 48654: 1|3|000000
2024-06-04 16:53:45,671 - GRANT from/to process 48654: b'2|48654|000000'
2024-06-04 16:53:47,629 - RELEASE from/to process 48640: 3|1|000000
2024-06-04 16:53:47,631 - RELEASE from/to process 48666: 3|4|000000
2024-06-04 16:53:47,671 - REQUEST from/to process 48640: 1|1|000000
2024-06-04 16:53:47,671 - REQUEST from/to process 48666: 1|4|000000
2024-06-04 16:53:47,672 - GRANT from/to process 48640: b'2|48640|000000'
2024-06-04 16:53:47,672 - GRANT from/to process 48666: b'2|48666|000000'
2024-06-04 16:53:49,641 - RELEASE from/to process 48678: 3|5|000000
2024-06-04 16:53:49,677 - RELEASE from/to process 48654: 3|3|000000
2024-06-04 16:53:49,677 - RELEASE from/to process 48666: 3|4|000000
2024-06-04 16:53:49,677 - RELEASE from/to process 48646: 3|2|000000
2024-06-04 16:53:49,683 - REQUEST from/to process 48678: 1|5|000000
2024-06-04 16:53:49,684 - GRANT from/to process 48678: b'2|48678|000000'
2024-06-04 16:53:49,719 - REQUEST from/to process 48666: 1|4|000000
2024-06-04 16:53:49,719 - REQUEST from/to process 48654: 1|3|000000
2024-06-04 16:53:49,719 - REQUEST from/to process 48646: 1|2|000000
2024-06-04 16:53:49,720 - GRANT from/to process 48666: b'2|48666|000000'
2024-06-04 16:53:49,720 - GRANT from/to process 48654: b'2|48654|000000'
2024-06-04 16:53:49,720 - GRANT from/to process 48646: b'2|48646|000000'
2024-06-04 16:53:51,725 - RELEASE from/to process 48666: 3|4|000000
2024-06-04 16:53:51,725 - RELEASE from/to process 48654: 3|3|000000
2024-06-04 16:53:51,767 - REQUEST from/to process 48654: 1|3|000000
2024-06-04 16:53:51,767 - REQUEST from/to process 48666: 1|4|000000
2024-06-04 16:53:51,768 - GRANT from/to process 48654: b'2|48654|000000'
2024-06-04 16:53:51,768 - GRANT from/to process 48666: b'2|48666|000000'
2024-06-04 16:53:53,677 - RELEASE from/to process 48640: 3|1|000000
2024-06-04 16:53:53,719 - REQUEST from/to process 48640: 1|1|000000
2024-06-04 16:53:53,720 - GRANT from/to process 48640: b'2|48640|000000'
2024-06-04 16:53:55,690 - RELEASE from/to process 48678: 3|5|000000
2024-06-04 16:53:55,725 - RELEASE from/to process 48640: 3|1|000000
2024-06-04 16:53:55,725 - RELEASE from/to process 48646: 3|2|000000
2024-06-04 16:53:55,732 - GRANT from/to process 48678: b'2|48678|000000'
2024-06-04 16:53:55,731 - REQUEST from/to process 48678: 1|5|000000
2024-06-04 16:53:55,767 - REQUEST from/to process 48640: 1|1|000000
2024-06-04 16:53:55,768 - REQUEST from/to process 48646: 1|2|000000
2024-06-04 16:53:55,768 - GRANT from/to process 48640: b'2|48640|000000'
2024-06-04 16:53:55,768 - GRANT from/to process 48646: b'2|48646|000000'
2024-06-04 16:53:55,774 - RELEASE from/to process 48666: 3|4|000000
2024-06-04 16:53:55,815 - REQUEST from/to process 48666: 1|4|000000
2024-06-04 16:53:55,816 - GRANT from/to process 48666: b'2|48666|000000'
2024-06-04 16:53:57,773 - RELEASE from/to process 48654: 3|3|000000
2024-06-04 16:53:57,815 - REQUEST from/to process 48654: 1|3|000000
2024-06-04 16:53:57,815 - GRANT from/to process 48654: b'2|48654|000000'
2024-06-04 16:53:59,821 - RELEASE from/to process 48654: 3|3|000000
2024-06-04 16:53:59,863 - REQUEST from/to process 48654: 1|3|000000
2024-06-04 16:53:59,864 - GRANT from/to process 48654: b'2|48654|000000'
2024-06-04 16:54:01,737 - RELEASE from/to process 48678: 3|5|000000
2024-06-04 16:54:01,773 - RELEASE from/to process 48646: 3|2|000000
2024-06-04 16:54:01,773 - RELEASE from/to process 48640: 3|1|000000
2024-06-04 16:54:01,783 - REQUEST from/to process 48678: 1|5|000000
2024-06-04 16:54:01,783 - GRANT from/to process 48678: b'2|48678|000000'
2024-06-04 16:54:01,819 - REQUEST from/to process 48646: 1|2|000000
2024-06-04 16:54:01,819 - RELEASE from/to process 48666: 3|4|000000
2024-06-04 16:54:01,820 - REQUEST from/to process 48640: 1|1|000000
2024-06-04 16:54:01,820 - GRANT from/to process 48646: b'2|48646|000000'
2024-06-04 16:54:01,820 - GRANT from/to process 48640: b'2|48640|000000'
2024-06-04 16:54:01,863 - REQUEST from/to process 48666: 1|4|000000
2024-06-04 16:54:01,864 - GRANT from/to process 48666: b'2|48666|000000'
2024-06-04 16:54:03,825 - RELEASE from/to process 48646: 3|2|000000
2024-06-04 16:54:03,867 - REQUEST from/to process 48646: 1|2|000000
2024-06-04 16:54:03,868 - GRANT from/to process 48646: b'2|48646|000000'
2024-06-04 16:54:05,789 - RELEASE from/to process 48678: 3|5|000000
2024-06-04 16:54:05,825 - RELEASE from/to process 48640: 3|1|000000
2024-06-04 16:54:05,831 - REQUEST from/to process 48678: 1|5|000000
2024-06-04 16:54:05,831 - GRANT from/to process 48678: b'2|48678|000000'
2024-06-04 16:54:05,867 - RELEASE from/to process 48654: 3|3|000000
2024-06-04 16:54:05,868 - REQUEST from/to process 48640: 1|1|000000
2024-06-04 16:54:05,868 - GRANT from/to process 48640: b'2|48640|000000'
2024-06-04 16:54:05,911 - REQUEST from/to process 48654: 1|3|000000
2024-06-04 16:54:05,912 - GRANT from/to process 48654: b'2|48654|000000'
2024-06-04 16:54:07,837 - RELEASE from/to process 48678: 3|5|000000
2024-06-04 16:54:07,869 - RELEASE from/to process 48666: 3|4|000000
2024-06-04 16:54:07,869 - RELEASE from/to process 48640: 3|1|000000
2024-06-04 16:54:07,880 - REQUEST from/to process 48678: 1|5|000000
2024-06-04 16:54:07,880 - GRANT from/to process 48678: b'2|48678|000000'
2024-06-04 16:54:07,911 - REQUEST from/to process 48640: 1|1|000000
2024-06-04 16:54:07,912 - GRANT from/to process 48640: b'2|48640|000000'
2024-06-04 16:54:07,912 - RELEASE from/to process 48654: 3|3|000000
2024-06-04 16:54:07,912 - REQUEST from/to process 48666: 1|4|000000
2024-06-04 16:54:07,913 - GRANT from/to process 48666: b'2|48666|000000'
2024-06-04 16:54:07,963 - REQUEST from/to process 48654: 1|3|000000
2024-06-04 16:54:07,963 - GRANT from/to process 48654: b'2|48654|000000'
2024-06-04 16:54:09,874 - RELEASE from/to process 48646: 3|2|000000
2024-06-04 16:54:09,915 - REQUEST from/to process 48646: 1|2|000000
2024-06-04 16:54:09,915 - GRANT from/to process 48646: b'2|48646|000000'
2024-06-04 16:54:09,969 - RELEASE from/to process 48654: 3|3|000000
2024-06-04 16:54:10,011 - REQUEST from/to process 48654: 1|3|000000
2024-06-04 16:54:10,012 - GRANT from/to process 48654: b'2|48654|000000'
2024-06-04 16:54:11,917 - RELEASE from/to process 48640: 3|1|000000
2024-06-04 16:54:11,959 - REQUEST from/to process 48640: 1|1|000000
2024-06-04 16:54:11,960 - GRANT from/to process 48640: b'2|48640|000000'
2024-06-04 16:54:12,017 - RELEASE from/to process 48654: 3|3|000000
2024-06-04 16:54:12,063 - REQUEST from/to process 48654: 1|3|000000
2024-06-04 16:54:12,064 - GRANT from/to process 48654: b'2|48654|000000'
2024-06-04 16:54:13,885 - RELEASE from/to process 48678: 3|5|000000
2024-06-04 16:54:13,918 - RELEASE from/to process 48646: 3|2|000000
2024-06-04 16:54:13,924 - RELEASE from/to process 48666: 3|4|000000
2024-06-04 16:54:13,930 - REQUEST from/to process 48678: 1|5|000000
2024-06-04 16:54:13,930 - GRANT from/to process 48678: b'2|48678|000000'
2024-06-04 16:54:13,959 - REQUEST from/to process 48666: 1|4|000000
2024-06-04 16:54:13,960 - REQUEST from/to process 48646: 1|2|000000
2024-06-04 16:54:13,960 - GRANT from/to process 48666: b'2|48666|000000'
2024-06-04 16:54:13,960 - RELEASE from/to process 48640: 3|1|000000
2024-06-04 16:54:13,960 - GRANT from/to process 48646: b'2|48646|000000'
2024-06-04 16:54:14,007 - REQUEST from/to process 48640: 1|1|000000
2024-06-04 16:54:14,007 - GRANT from/to process 48640: b'2|48640|000000'
2024-06-04 16:54:15,936 - RELEASE from/to process 48678: 3|5|000000
2024-06-04 16:54:15,979 - REQUEST from/to process 48678: 1|5|000000
2024-06-04 16:54:15,979 - GRANT from/to process 48678: b'2|48678|000000'
2024-06-04 16:54:16,013 - RELEASE from/to process 48640: 3|1|000000
2024-06-04 16:54:16,059 - REQUEST from/to process 48640: 1|1|000000
2024-06-04 16:54:16,060 - GRANT from/to process 48640: b'2|48640|000000'
2024-06-04 16:54:17,966 - RELEASE from/to process 48646: 3|2|000000
2024-06-04 16:54:18,011 - REQUEST from/to process 48646: 1|2|000000
2024-06-04 16:54:18,011 - GRANT from/to process 48646: b'2|48646|000000'
2024-06-04 16:54:18,069 - RELEASE from/to process 48654: 3|3|000000
2024-06-04 16:54:18,115 - REQUEST from/to process 48654: 1|3|000000
2024-06-04 16:54:18,116 - GRANT from/to process 48654: b'2|48654|000000'
2024-06-04 16:54:19,965 - RELEASE from/to process 48666: 3|4|000000
2024-06-04 16:54:19,985 - RELEASE from/to process 48678: 3|5|000000
2024-06-04 16:54:20,011 - REQUEST from/to process 48666: 1|4|000000
2024-06-04 16:54:20,011 - GRANT from/to process 48666: b'2|48666|000000'
2024-06-04 16:54:20,027 - REQUEST from/to process 48678: 1|5|000000
2024-06-04 16:54:20,028 - GRANT from/to process 48678: b'2|48678|000000'
2024-06-04 16:54:20,065 - RELEASE from/to process 48640: 3|1|000000
2024-06-04 16:54:20,107 - REQUEST from/to process 48640: 1|1|000000
2024-06-04 16:54:20,107 - GRANT from/to process 48640: b'2|48640|000000'
2024-06-04 16:54:22,017 - RELEASE from/to process 48666: 3|4|000000
2024-06-04 16:54:22,017 - RELEASE from/to process 48646: 3|2|000000
2024-06-04 16:54:22,059 - REQUEST from/to process 48666: 1|4|000000
2024-06-04 16:54:22,059 - REQUEST from/to process 48646: 1|2|000000
2024-06-04 16:54:22,060 - GRANT from/to process 48666: b'2|48666|000000'
2024-06-04 16:54:22,060 - GRANT from/to process 48646: b'2|48646|000000'
2024-06-04 16:54:22,114 - RELEASE from/to process 48640: 3|1|000000
2024-06-04 16:54:22,155 - REQUEST from/to process 48640: 1|1|000000
2024-06-04 16:54:22,156 - GRANT from/to process 48640: b'2|48640|000000'
2024-06-04 16:54:24,121 - RELEASE from/to process 48654: 3|3|000000
2024-06-04 16:54:24,163 - REQUEST from/to process 48654: 1|3|000000
2024-06-04 16:54:24,164 - GRANT from/to process 48654: b'2|48654|000000'
2024-06-04 16:54:26,033 - RELEASE from/to process 48678: 3|5|000000
2024-06-04 16:54:26,079 - REQUEST from/to process 48678: 1|5|000000
2024-06-04 16:54:26,080 - GRANT from/to process 48678: b'2|48678|000000'
2024-06-04 16:54:26,162 - RELEASE from/to process 48640: 3|1|000000
2024-06-04 16:54:26,167 - Erro ao processar a mensagem do processo 48640: [Errno 104] Connection reset by peer
2024-06-04 16:54:26,173 - RELEASE from/to process 48654: 3|3|000000
2024-06-04 16:54:26,178 - Erro ao processar a mensagem do processo 48654: [Errno 104] Connection reset by peer
2024-06-04 16:54:28,065 - RELEASE from/to process 48666: 3|4|000000
2024-06-04 16:54:28,065 - RELEASE from/to process 48646: 3|2|000000
2024-06-04 16:54:28,085 - RELEASE from/to process 48678: 3|5|000000
2024-06-04 16:54:28,106 - REQUEST from/to process 48666: 1|4|000000
2024-06-04 16:54:28,106 - GRANT from/to process 48666: b'2|48666|000000'
2024-06-04 16:54:28,106 - GRANT from/to process 48646: b'2|48646|000000'
2024-06-04 16:54:28,106 - REQUEST from/to process 48646: 1|2|000000
2024-06-04 16:54:28,131 - REQUEST from/to process 48678: 1|5|000000
2024-06-04 16:54:28,131 - GRANT from/to process 48678: b'2|48678|000000'
2024-06-04 16:54:34,111 - RELEASE from/to process 48666: 3|4|000000
2024-06-04 16:54:34,112 - RELEASE from/to process 48646: 3|2|000000
2024-06-04 16:54:34,137 - RELEASE from/to process 48678: 3|5|000000
2024-06-04 16:54:34,155 - REQUEST from/to process 48666: 1|4|000000
2024-06-04 16:54:34,155 - REQUEST from/to process 48646: 1|2|000000
2024-06-04 16:54:34,156 - GRANT from/to process 48666: b'2|48666|000000'
2024-06-04 16:54:34,156 - GRANT from/to process 48646: b'2|48646|000000'
2024-06-04 16:54:34,179 - REQUEST from/to process 48678: 1|5|000000
2024-06-04 16:54:34,180 - GRANT from/to process 48678: b'2|48678|000000'
2024-06-04 16:54:36,161 - RELEASE from/to process 48646: 3|2|000000
2024-06-04 16:54:36,167 - Erro ao processar a mensagem do processo 48646: [Errno 104] Connection reset by peer
2024-06-04 16:54:36,185 - RELEASE from/to process 48678: 3|5|000000
2024-06-04 16:54:36,185 - Erro ao processar a mensagem do processo 48678: [Errno 104] Connection reset by peer
2024-06-04 16:54:38,161 - RELEASE from/to process 48666: 3|4|000000
2024-06-04 16:54:38,166 - Erro ao processar a mensagem do processo 48666: [Errno 104] Connection reset by peer
